<?xml version="1.0" encoding="UTF-8"?>
<!-- Generated by org.testng.reporters.JUnitReportReporter -->
<testsuite hostname="DESKTOP-U6MROIF" failures="0" tests="1" name="testScript.ManagePageDeleteTest" time="16.979" errors="0" timestamp="2024-07-23T16:07:07 GST" skipped="0">
  <testcase classname="testScript.ManagePageDeleteTest" name="managePageDelete" time="16.979"/>
  <system-out/>
</testsuite> <!-- testScript.ManagePageDeleteTest -->
