<?xml version="1.0" encoding="UTF-8"?>
<!-- Generated by org.testng.reporters.JUnitReportReporter -->
<testsuite hostname="DESKTOP-U6MROIF" failures="0" tests="1" name="testScript.AddSubCategoryTest" time="16.454" errors="0" timestamp="2024-07-23T15:00:31 GST" skipped="0">
  <testcase classname="testScript.AddSubCategoryTest" name="verifyAbleToAddSubCategory" time="16.454"/>
  <system-out/>
</testsuite> <!-- testScript.AddSubCategoryTest -->
