<?xml version="1.0" encoding="UTF-8"?>
<!-- Generated by org.testng.reporters.JUnitReportReporter -->
<testsuite hostname="DESKTOP-U6MROIF" failures="0" tests="1" name="testScript.ManageContactTest" time="5.756" errors="0" timestamp="2024-07-01T14:49:52 GST" skipped="0">
  <testcase classname="testScript.ManageContactTest" name="manageContactUpdate" time="5.756"/>
</testsuite> <!-- testScript.ManageContactTest -->
